[2021-01-24T02:31:07.108Z] info Server listening in port 3000!
[2021-01-24T02:31:14.455Z] info Server listening in port 3000!
[2021-01-24T02:31:18.045Z] info Server listening in port 3000!
[2021-01-24T02:32:47.592Z] info Server listening in port 3000!
[2021-01-24T02:33:21.251Z] info Server listening in port 3000!
[2021-01-24T02:33:23.839Z] info Server listening in port 3000!
[2021-01-24T03:12:08.641Z] info Server listening in port 3000!
[2021-01-24T03:12:35.504Z] info Message sent: %s
[2021-01-24T03:17:04.252Z] info Preview URL: %s
[2021-01-24T03:17:04.252Z] info /registry (POST) Se le ha mandado un correo de verificación a kofsmorrizon@gmail.com
[2021-01-24T03:17:04.275Z] info Message sent: %s
[2021-01-24T03:17:04.275Z] info Preview URL: %s
[2021-01-24T03:17:04.275Z] info /registry (POST) Se le ha mandado un correo de verificación a kofsmorrizon@gmail.com
[2021-01-24T04:13:24.571Z] info Server listening in port 3000!
[2021-01-24T04:14:18.002Z] info /logIn (POST) Se ingresó en la ruta con una entidad no procesable
[2021-01-24T04:14:25.688Z] info /logIn (POST) Se intentó iniciar sesión con una cuenta de usuario no registrada.
[2021-01-24T04:14:39.523Z] info Message sent: %s
[2021-01-24T04:14:39.523Z] info Preview URL: %s
[2021-01-24T04:14:39.523Z] info /registry (POST) Se le ha mandado un correo de verificación a mauriciorodricar@hotmail.com
[2021-01-24T04:14:54.276Z] info /verification (GET) Se ingresó el código8f27c366e7cc32f55e2560c860fdf35cbb5019a39834694c054740f2c74a3c1b627bc435b0a1aef314f63c2d980b31ec23e4d0439713d4a494af1861faba3002 para activar una cuenta.
[2021-01-24T04:23:26.762Z] info Server listening in port 3000!
[2021-01-24T18:14:03.535Z] info Server listening in port 3000!
[2021-01-24T18:14:20.311Z] info Server listening in port 3000!
[2021-01-24T18:21:40.068Z] info Server listening in port 3000!
[2021-01-24T18:28:41.502Z] info Server listening in port 3000!
[2021-01-24T18:28:49.909Z] info Server listening in port 3000!
[2021-01-24T18:29:33.571Z] info Server listening in port 3000!
[2021-01-24T18:30:29.804Z] info Server listening in port 3000!
[2021-01-24T18:30:34.375Z] info Server listening in port 3000!
[2021-01-24T18:31:13.181Z] info Server listening in port 3000!
[2021-01-24T18:31:30.010Z] info Server listening in port 3000!
[2021-01-24T18:32:04.180Z] info Server listening in port 3000!
[2021-01-24T18:35:12.646Z] info Server listening in port 3000!
[2021-01-24T18:35:53.119Z] info Server listening in port 3000!
[2021-01-24T18:37:54.749Z] info Server listening in port 3000!
[2021-01-24T18:42:33.780Z] info Server listening in port 3000!
[2021-01-24T18:43:29.690Z] info Server listening in port 3000!
[2021-01-24T18:43:57.930Z] info Server listening in port 3000!
[2021-01-24T18:44:22.330Z] info Server listening in port 3000!
[2021-01-24T18:46:46.321Z] info Server listening in port 3000!
[2021-01-24T18:47:19.233Z] info Server listening in port 3000!
[2021-01-24T18:48:26.067Z] info Server listening in port 3000!
[2021-01-24T18:49:56.807Z] info Server listening in port 3000!
[2021-01-24T18:50:05.423Z] info Server listening in port 3000!
[2021-01-24T18:50:29.950Z] info Server listening in port 3000!
[2021-01-24T18:52:17.201Z] info Server listening in port 3000!
[2021-01-24T18:53:41.601Z] info Server listening in port 3000!
[2021-01-24T18:56:14.491Z] info Server listening in port 3000!
[2021-01-24T19:01:38.149Z] info Server listening in port 3000!
[2021-01-24T19:03:53.810Z] info Server listening in port 3000!
[2021-01-24T19:04:14.609Z] info Server listening in port 3000!
[2021-01-24T19:04:31.695Z] info Server listening in port 3000!
[2021-01-24T19:06:11.045Z] info Server listening in port 3000!
[2021-01-24T19:25:19.447Z] info Server listening in port 3000!
[2021-01-24T19:26:05.603Z] info Server listening in port 3000!
[2021-01-24T19:26:14.394Z] info Server listening in port 3000!
[2021-01-24T19:27:34.172Z] info Server listening in port 3000!
[2021-01-24T19:34:07.908Z] info Server listening in port 3000!
[2021-01-24T19:37:09.872Z] info Server listening in port 3000!
[2021-01-24T19:37:49.640Z] info Server listening in port 3000!
[2021-01-24T19:39:06.286Z] info Server listening in port 3000!
[2021-01-24T19:40:09.428Z] info Server listening in port 3000!
[2021-01-24T19:40:24.120Z] info Server listening in port 3000!
[2021-01-24T19:41:04.880Z] info Server listening in port 3000!
[2021-01-24T19:41:21.045Z] info Server listening in port 3000!
[2021-01-24T19:41:29.409Z] info Server listening in port 3000!
[2021-01-24T19:41:56.846Z] info Server listening in port 3000!
[2021-01-24T19:43:23.208Z] info Server listening in port 3000!
[2021-01-24T19:52:12.377Z] info Server listening in port 3000!
[2021-01-24T19:52:54.258Z] info Server listening in port 3000!
[2021-01-24T19:58:09.291Z] info Server listening in port 3000!
[2021-01-24T19:58:30.471Z] info Server listening in port 3000!
[2021-01-24T19:59:12.589Z] info Server listening in port 3000!
[2021-01-24T20:12:46.372Z] info Server listening in port 3000!
[2021-01-24T21:05:29.868Z] info Server listening in port 3000!
[2021-01-24T21:07:41.914Z] info Server listening in port 3000!
[2021-01-24T21:08:57.439Z] info /logOut (POST) ER_PARSE_ERROR: You have an error in your SQL syntax; check the manual that corresponds to your MySQL server version for the right syntax to use near '@gmail.com" LIMIT 1' at line 1
[2021-01-24T21:09:05.677Z] info Server listening in port 3000!
[2021-01-24T21:09:22.176Z] info Server listening in port 3000!
[2021-01-24T21:09:26.132Z] info /logOut (POST) Se ha cerrado la sesión del usuario kofsmorrizon@gmail.com.
[2021-01-24T21:10:11.849Z] info Server listening in port 3000!
[2021-01-24T21:10:13.240Z] info /logOut (POST) Se ha cerrado la sesión del usuario kofsmorrizon@gmail.com.
[2021-01-24T21:10:43.344Z] info Server listening in port 3000!
[2021-01-24T21:10:46.249Z] info /logOut (POST) Se ha cerrado la sesión del usuario kofsmorrizon@gmail.com.
[2021-01-24T21:12:32.598Z] info Server listening in port 3000!
[2021-01-24T21:12:33.784Z] info /logOut (POST) Se intentó cerrar una sesión cerrada de kofsmorrizon@gmail.com.
[2021-01-25T00:38:43.983Z] info Server listening in port 3000!
[2021-01-27T02:09:24.619Z] info Server listening in port 3000!
[2021-01-27T02:10:22.233Z] info Server listening in port 3000!
[2021-01-27T02:11:22.199Z] info Server listening in port 3000!
[2021-01-27T02:11:46.708Z] info Server listening in port 3000!
[2021-01-27T02:11:54.662Z] info Server listening in port 3000!
[2021-01-27T02:13:07.450Z] info Server listening in port 3000!
[2021-01-27T02:13:08.626Z] info Server listening in port 3000!
[2021-01-27T02:14:00.180Z] info Server listening in port 3000!
[2021-01-27T02:14:02.580Z] info /logIn (POST) Se ingresó en la ruta con una entidad no procesable
[2021-01-27T02:14:48.699Z] info /logIn (POST) Se generó el token para (poner aquí la dirección IP).
[2021-01-27T02:16:43.781Z] info Server listening in port 3000!
[2021-01-27T02:17:50.803Z] info Server listening in port 3000!
[2021-01-27T02:20:23.073Z] info Server listening in port 3000!
[2021-01-27T02:20:25.485Z] info /registry (POST) El usuario intentó registrarse con el email: kofsmorrizon@gmail.com
[2021-01-27T03:36:02.492Z] info Server listening in port 3000!
[2021-01-27T03:36:32.041Z] info Server listening in port 3000!
[2021-01-27T03:36:40.005Z] info Server listening in port 3000!
[2021-01-27T03:39:13.065Z] info Server listening in port 3000!
[2021-01-27T03:39:22.521Z] info Server listening in port 3000!
[2021-01-27T03:40:12.712Z] info Server listening in port 3000!
[2021-01-27T03:40:31.794Z] info Server listening in port 3000!
[2021-01-27T03:40:42.267Z] info Server listening in port 3000!
[2021-01-27T03:40:54.043Z] info Server listening in port 3000!
[2021-01-27T03:41:04.060Z] info Server listening in port 3000!
[2021-01-27T03:41:09.233Z] info Server listening in port 3000!
[2021-01-27T03:41:14.064Z] info Server listening in port 3000!
[2021-01-27T03:41:17.884Z] info Server listening in port 3000!
[2021-01-27T03:41:25.205Z] info Server listening in port 3000!
[2021-01-27T03:43:51.451Z] info Server listening in port 3000!
[2021-01-27T03:44:44.883Z] info Server listening in port 3000!
[2021-01-27T03:52:02.459Z] info ER_BAD_FIELD_ERROR: Unknown column 'activationCode' in 'field list'
[2021-01-27T03:52:14.227Z] info Server listening in port 3000!
[2021-01-27T03:52:16.651Z] info ER_BAD_FIELD_ERROR: Unknown column 'activationCode' in 'field list'
[2021-01-27T03:53:38.587Z] info Server listening in port 3000!
[2021-01-27T03:53:42.903Z] info Message sent: %s
[2021-01-27T03:53:42.904Z] info Preview URL: %s
[2021-01-27T03:53:42.906Z] info /registry (POST) Se le ha mandado un correo de verificación a poiupio@hotmail.com
[2021-01-27T03:56:07.007Z] info /verification (GET) Se ingresó el códigofb8af3bab21623914482c614976642259169c93d6aced07fa31ad2c6af282ae895c10115cc8cfc2bbe194a6d877c21c08cd018c07727febe0f5e1194943025e7 para activar una cuenta.
[2021-01-27T03:58:11.246Z] info /logIn (POST) Se generó el token para (poner aquí la dirección IP).
[2021-01-27T16:43:32.458Z] info Server listening in port 3000!
[2021-01-27T17:14:08.289Z] info /logIn (POST) Se generó el token para (poner aquí la dirección IP).
[2021-01-27T22:17:39.144Z] info Server listening in port 3000!
[2021-01-27T22:39:16.160Z] info /logIn (POST) Se generó el token para (poner aquí la dirección IP).
[2021-01-27T22:56:54.871Z] info /logIn (POST) Se generó el token para (poner aquí la dirección IP).
[2021-01-27T23:00:29.372Z] info /logIn (POST) Se generó el token para (poner aquí la dirección IP).
[2021-01-27T23:06:29.795Z] info /logIn (POST) Se generó el token para (poner aquí la dirección IP).
[2021-01-27T23:06:45.549Z] info /logIn (POST) Se generó el token para (poner aquí la dirección IP).
[2021-01-27T23:13:09.369Z] info /logIn (POST) Se generó el token para (poner aquí la dirección IP).
[2021-01-27T23:13:57.956Z] info /logIn (POST) Se generó el token para (poner aquí la dirección IP).
[2021-01-27T23:14:48.986Z] info /logIn (POST) Se generó el token para (poner aquí la dirección IP).
[2021-01-27T23:15:30.852Z] info /logIn (POST) Se generó el token para (poner aquí la dirección IP).
[2021-01-27T23:15:57.592Z] info /logIn (POST) Se generó el token para (poner aquí la dirección IP).
[2021-01-27T23:23:05.175Z] info /logIn (POST) Se generó el token para (poner aquí la dirección IP).
[2021-01-27T23:23:12.826Z] info /logIn (POST) Se generó el token para (poner aquí la dirección IP).
[2021-01-27T23:23:50.663Z] info /logIn (POST) Se generó el token para (poner aquí la dirección IP).
[2021-01-27T23:23:57.351Z] info /logIn (POST) Se generó el token para (poner aquí la dirección IP).
[2021-01-27T23:25:07.940Z] info /logIn (POST) Se generó el token para (poner aquí la dirección IP).
[2021-01-27T23:25:12.948Z] info /logIn (POST) Se ingresó un password incorrecto desde (poner aquí la IP).
[2021-01-27T23:26:57.489Z] info /logIn (POST) Se intentó iniciar sesión con una cuenta de usuario no registrada.
[2021-01-27T23:27:07.601Z] info /logIn (POST) Se generó el token para (poner aquí la dirección IP).
[2021-01-28T00:16:45.834Z] info /logIn (POST) Se generó el token para (poner aquí la dirección IP).
[2021-01-28T00:21:39.666Z] info /logIn (POST) Se generó el token para (poner aquí la dirección IP).
[2021-01-28T00:32:18.071Z] info /logIn (POST) Se generó el token para (poner aquí la dirección IP).
[2021-01-28T00:32:33.470Z] info /logIn (POST) Se generó el token para (poner aquí la dirección IP).
[2021-01-28T01:01:08.863Z] info /registry (POST) Se ingresó en la ruta con una entidad no procesable
[2021-01-28T01:01:56.600Z] info /registry (POST) Se ingresó en la ruta con una entidad no procesable
[2021-01-28T01:03:14.638Z] info /registry (POST) Se ingresó en la ruta con una entidad no procesable
[2021-01-28T01:04:21.790Z] info /registry (POST) Se ingresó en la ruta con una entidad no procesable
[2021-01-28T01:04:44.543Z] info Message sent: %s
[2021-01-28T01:04:44.544Z] info Preview URL: %s
[2021-01-28T01:04:44.546Z] info /registry (POST) Se le ha mandado un correo de verificación a poiupio2@hotmail.com
[2021-01-28T01:13:26.847Z] info Server listening in port 3000!
[2021-01-28T01:13:47.920Z] info Message sent: %s
[2021-01-28T01:13:47.922Z] info Preview URL: %s
[2021-01-28T01:13:47.926Z] info /registry (POST) Se le ha mandado un correo de verificación a linnie68@ethereal.email
[2021-01-28T01:15:13.969Z] info /verification (GET) Se ingresó el códigob59fbf64d398ddcee560555f5da6e681375a3179cc468fa378371aef25712c87daffc3a28c15692535c485a9735e8b413570a338daf026847c1d8272f230f6af para activar una cuenta.
[2021-01-28T01:15:28.544Z] info /logIn (POST) Se generó el token para (poner aquí la dirección IP).
[2021-01-30T21:56:28.948Z] info Server listening in port 3000!
[2021-01-30T21:57:04.755Z] info Server listening in port 3000!
[2021-01-30T21:57:19.400Z] info Server listening in port 3000!
[2021-01-30T21:57:40.421Z] info Server listening in port 3000!
[2021-01-30T23:23:49.844Z] info Server listening in port 3000!
[2021-01-30T23:24:13.081Z] info Server listening in port 3000!
[2021-01-30T23:25:32.705Z] info Server listening in port 3000!
[2021-01-30T23:25:48.088Z] info Server listening in port 3000!
[2021-01-30T23:26:17.811Z] info Server listening in port 3000!
[2021-01-30T23:27:39.631Z] info Server listening in port 3000!
[2021-01-30T23:27:50.820Z] info Server listening in port 3000!
[2021-01-30T23:27:58.013Z] info Server listening in port 3000!
[2021-01-30T23:28:07.228Z] info Server listening in port 3000!
[2021-01-30T23:28:14.777Z] info Server listening in port 3000!
[2021-01-30T23:29:46.830Z] info Server listening in port 3000!
[2021-01-30T23:29:49.231Z] info /generateResultado se añadieron publicaciones a la base de datos.
[2021-01-30T23:29:49.233Z] info /generateResultado se añadieron publicaciones a la base de datos.
[2021-01-30T23:29:49.236Z] info /generateResultado se añadieron publicaciones a la base de datos.
[2021-01-30T23:29:49.238Z] info /generateResultado se añadieron publicaciones a la base de datos.
[2021-01-30T23:29:49.241Z] info /generateResultado se añadieron publicaciones a la base de datos.
[2021-01-30T23:29:49.243Z] info /generateResultado se añadieron publicaciones a la base de datos.
[2021-01-30T23:29:49.245Z] info /generateResultado se añadieron publicaciones a la base de datos.
[2021-01-30T23:29:49.246Z] info /generateResultado se añadieron publicaciones a la base de datos.
[2021-01-30T23:29:49.247Z] info /generateResultado se añadieron publicaciones a la base de datos.
[2021-01-30T23:29:49.249Z] info /generateResultado se añadieron publicaciones a la base de datos.
[2021-01-30T23:29:49.251Z] info /generateResultado se añadieron publicaciones a la base de datos.
[2021-01-30T23:29:49.253Z] info /generateResultado se añadieron publicaciones a la base de datos.
[2021-01-30T23:29:49.666Z] info /generateResultado se añadieron publicaciones a la base de datos.
[2021-01-30T23:29:49.668Z] info /generateResultado se añadieron publicaciones a la base de datos.
[2021-01-30T23:29:49.669Z] info /generateResultado se añadieron publicaciones a la base de datos.
[2021-01-30T23:29:49.671Z] info /generateResultado se añadieron publicaciones a la base de datos.
[2021-01-30T23:29:49.673Z] info /generateResultado se añadieron publicaciones a la base de datos.
[2021-01-30T23:29:49.677Z] info /generateResultado se añadieron publicaciones a la base de datos.
[2021-01-30T23:29:49.680Z] info /generateResultado se añadieron publicaciones a la base de datos.
[2021-01-30T23:29:49.681Z] info /generateResultado se añadieron publicaciones a la base de datos.
[2021-01-30T23:29:49.683Z] info /generateResultado se añadieron publicaciones a la base de datos.
[2021-01-30T23:29:49.684Z] info /generateResultado se añadieron publicaciones a la base de datos.
[2021-01-30T23:29:49.693Z] info /generateResultado se añadieron publicaciones a la base de datos.
[2021-01-30T23:29:49.695Z] info /generateResultado se añadieron publicaciones a la base de datos.
[2021-01-30T23:29:49.697Z] info /generateResultado se añadieron publicaciones a la base de datos.
[2021-01-30T23:29:49.699Z] info /generateResultado se añadieron publicaciones a la base de datos.
[2021-01-30T23:29:49.700Z] info /generateResultado se añadieron publicaciones a la base de datos.
[2021-01-30T23:29:49.701Z] info /generateResultado se añadieron publicaciones a la base de datos.
[2021-01-30T23:29:49.703Z] info /generateResultado se añadieron publicaciones a la base de datos.
[2021-01-30T23:29:49.704Z] info /generateResultado se añadieron publicaciones a la base de datos.
[2021-01-30T23:29:49.707Z] info /generateResultado se añadieron publicaciones a la base de datos.
[2021-01-30T23:29:49.709Z] info /generateResultado se añadieron publicaciones a la base de datos.
[2021-01-30T23:29:50.037Z] info /generateResultado se añadieron publicaciones a la base de datos.
[2021-01-30T23:29:50.038Z] info /generateResultado se añadieron publicaciones a la base de datos.
[2021-01-30T23:29:50.041Z] info /generateResultado se añadieron publicaciones a la base de datos.
[2021-01-30T23:29:50.043Z] info /generateResultado se añadieron publicaciones a la base de datos.
[2021-01-30T23:29:50.045Z] info /generateResultado se añadieron publicaciones a la base de datos.
[2021-01-30T23:29:50.046Z] info /generateResultado se añadieron publicaciones a la base de datos.
[2021-01-30T23:29:50.047Z] info /generateResultado se añadieron publicaciones a la base de datos.
[2021-01-30T23:29:50.049Z] info /generateResultado se añadieron publicaciones a la base de datos.
[2021-01-30T23:29:50.051Z] info /generateResultado se añadieron publicaciones a la base de datos.
[2021-01-30T23:29:50.052Z] info /generateResultado se añadieron publicaciones a la base de datos.
[2021-01-30T23:29:50.053Z] info /generateResultado se añadieron publicaciones a la base de datos.
[2021-01-30T23:29:50.054Z] info /generateResultado se añadieron publicaciones a la base de datos.
[2021-01-30T23:29:50.056Z] info /generateResultado se añadieron publicaciones a la base de datos.
[2021-01-30T23:29:50.057Z] info /generateResultado se añadieron publicaciones a la base de datos.
[2021-01-30T23:29:50.058Z] info /generateResultado se añadieron publicaciones a la base de datos.
[2021-01-30T23:29:50.062Z] info /generateResultado se añadieron publicaciones a la base de datos.
[2021-01-30T23:29:50.064Z] info /generateResultado se añadieron publicaciones a la base de datos.
[2021-01-30T23:29:50.065Z] info /generateResultado se añadieron publicaciones a la base de datos.
[2021-01-30T23:29:50.066Z] info /generateResultado se añadieron publicaciones a la base de datos.
[2021-01-30T23:29:50.068Z] info /generateResultado se añadieron publicaciones a la base de datos.
[2021-01-30T23:29:50.070Z] info /generateResultado se añadieron publicaciones a la base de datos.
[2021-01-30T23:29:50.085Z] info /generateResultado se añadieron publicaciones a la base de datos.
[2021-01-30T23:29:50.087Z] info /generateResultado se añadieron publicaciones a la base de datos.
[2021-01-30T23:29:50.089Z] info /generateResultado se añadieron publicaciones a la base de datos.
[2021-01-30T23:29:50.091Z] info /generateResultado se añadieron publicaciones a la base de datos.
[2021-01-30T23:29:50.092Z] info /generateResultado se añadieron publicaciones a la base de datos.
[2021-01-30T23:29:50.096Z] info /generateResultado se añadieron publicaciones a la base de datos.
[2021-01-30T23:29:50.098Z] info /generateResultado se añadieron publicaciones a la base de datos.
[2021-01-30T23:29:50.100Z] info /generateResultado se añadieron publicaciones a la base de datos.
[2021-01-30T23:29:50.101Z] info /generateResultado se añadieron publicaciones a la base de datos.
[2021-01-30T23:29:50.102Z] info /generateResultado se añadieron publicaciones a la base de datos.
[2021-01-30T23:29:50.104Z] info /generateResultado se añadieron publicaciones a la base de datos.
[2021-01-30T23:29:50.106Z] info /generateResultado se añadieron publicaciones a la base de datos.
[2021-01-30T23:29:50.108Z] info /generateResultado se añadieron publicaciones a la base de datos.
[2021-01-30T23:29:50.109Z] info /generateResultado se añadieron publicaciones a la base de datos.
[2021-01-30T23:29:50.111Z] info /generateResultado se añadieron publicaciones a la base de datos.
[2021-01-30T23:29:50.112Z] info /generateResultado se añadieron publicaciones a la base de datos.
[2021-01-30T23:29:50.113Z] info /generateResultado se añadieron publicaciones a la base de datos.
[2021-01-30T23:29:50.114Z] info /generateResultado se añadieron publicaciones a la base de datos.
[2021-01-30T23:29:50.117Z] info /generateResultado se añadieron publicaciones a la base de datos.
[2021-01-30T23:29:50.119Z] info /generateResultado se añadieron publicaciones a la base de datos.
[2021-01-30T23:29:50.120Z] info /generateResultado se añadieron publicaciones a la base de datos.
[2021-01-30T23:29:50.122Z] info /generateResultado se añadieron publicaciones a la base de datos.
[2021-01-30T23:29:50.123Z] info /generateResultado se añadieron publicaciones a la base de datos.
[2021-01-30T23:29:50.124Z] info /generateResultado se añadieron publicaciones a la base de datos.
[2021-01-30T23:29:50.127Z] info /generateResultado se añadieron publicaciones a la base de datos.
[2021-01-30T23:29:50.129Z] info /generateResultado se añadieron publicaciones a la base de datos.
[2021-01-30T23:29:50.130Z] info /generateResultado se añadieron publicaciones a la base de datos.
[2021-01-30T23:29:50.132Z] info /generateResultado se añadieron publicaciones a la base de datos.
[2021-01-30T23:29:50.133Z] info /generateResultado se añadieron publicaciones a la base de datos.
[2021-01-30T23:29:50.135Z] info /generateResultado se añadieron publicaciones a la base de datos.
[2021-01-30T23:39:09.443Z] info Server listening in port 3000!
[2021-01-31T00:52:29.643Z] info Server listening in port 3000!
[2021-01-31T00:52:31.731Z] info /generateResultado se añadieron publicaciones a la base de datos.
[2021-01-31T00:52:31.735Z] info /generateResultado se añadieron publicaciones a la base de datos.
[2021-01-31T00:52:31.839Z] info /generateResultado se añadieron publicaciones a la base de datos.
[2021-01-31T00:52:31.843Z] info /generateResultado se añadieron publicaciones a la base de datos.
[2021-01-31T00:52:31.866Z] info /generateResultado se añadieron publicaciones a la base de datos.
[2021-01-31T00:52:31.870Z] info /generateResultado se añadieron publicaciones a la base de datos.
[2021-01-31T00:52:31.873Z] info /generateResultado se añadieron publicaciones a la base de datos.
[2021-01-31T00:52:32.634Z] info /generateResultado se añadieron publicaciones a la base de datos.
[2021-01-31T00:52:32.637Z] info /generateResultado se añadieron publicaciones a la base de datos.
[2021-01-31T00:52:32.641Z] info /generateResultado se añadieron publicaciones a la base de datos.
[2021-01-31T00:56:17.795Z] info /logIn (POST) ER_BAD_FIELD_ERROR: Unknown column 'email' in 'field list'
[2021-01-31T00:59:11.560Z] info Server listening in port 3000!
[2021-01-31T00:59:57.111Z] info /logIn (POST) ER_BAD_FIELD_ERROR: Unknown column 'password' in 'field list'
[2021-01-31T01:01:24.188Z] info Server listening in port 3000!
[2021-01-31T01:02:19.978Z] info /logIn (POST) Se intentó iniciar sesión con una cuenta de usuario no registrada.
[2021-01-31T01:03:53.894Z] info /logIn (POST) Se intentó iniciar sesión con una cuenta de usuario no registrada.
[2021-01-31T01:04:19.253Z] info /logIn (POST) Se intentó iniciar sesión con una cuenta de usuario no registrada.
[2021-01-31T01:05:09.582Z] info /logIn (POST) Se intentó iniciar sesión con una cuenta de usuario no registrada.
[2021-01-31T01:05:13.258Z] info /logIn (POST) Se intentó iniciar sesión con una cuenta de usuario no registrada.
[2021-01-31T01:05:42.594Z] info /logIn (POST) Se intentó iniciar sesión con una cuenta de usuario no registrada.
[2021-01-31T01:06:20.579Z] info /logIn (POST) Se intentó iniciar sesión con una cuenta de usuario no registrada.
[2021-01-31T01:06:59.880Z] info /logIn (POST) Se generó el token para (poner aquí la dirección IP).
[2021-01-31T01:07:38.660Z] info /logIn (POST) Se generó el token para (poner aquí la dirección IP).
[2021-01-31T01:30:45.239Z] info /logIn (POST) Se generó el token para (poner aquí la dirección IP).
[2021-01-31T01:43:10.134Z] info Server listening in port 3000!
[2021-01-31T01:44:22.760Z] info /logIn (POST) Se generó el token para (poner aquí la dirección IP).
[2021-01-31T02:04:02.759Z] info Server listening in port 3000!
[2021-01-31T03:45:24.410Z] info Server listening in port 3000!
[2021-01-31T06:23:49.804Z] info Server listening in port 3000!
[2021-01-31T06:27:37.605Z] info jwt malformed
[2021-01-31T06:28:33.693Z] info jwt malformed
[2021-01-31T06:41:53.134Z] info /logIn (POST) Se generó el token para (poner aquí la dirección IP).
[2021-01-31T20:42:01.484Z] info Server listening in port 3000!
[2021-01-31T20:43:38.458Z] info Server listening in port 3000!
[2021-01-31T23:04:29.482Z] info jwt malformed
[2021-01-31T23:04:29.506Z] info /api/v1/comment (POST)
[2021-01-31T23:16:43.695Z] info ER_BAD_NULL_ERROR: Column 'pubId' cannot be null
[2021-01-31T23:18:24.785Z] info Server listening in port 3000!
[2021-01-31T23:18:42.533Z] info ER_BAD_NULL_ERROR: Column 'pubId' cannot be null
